data_repo
input
output
programs
run_paa.sh
testdata
usage: ncm.py [-h] (-B | -V) [-f] (-l data_list | -d data_dir) -bed BED file
              [-t test_samplename] [-O output_dir] [-N output_filename] [-nz]

    Ensuring Sample Identity v1.0
    Usage:   NGSCheckmate

    Desc.:   Input = the absolute path list of vcf files (samtools mpileup and bcftools)
             Output = Matched samples List

    Eg.  :   ncm.py -V -l /data/vcf_list.txt -bed /data/SNP_hg19.bed -O /data/output/ -N Matched_list
             ncm.py -V -d /data/vcf/ -bed /data/SNP_hg19.bed -O /data/output -N Matched_list
             ncm.py -B -d /data/bam/ -bed /data/SNP_hg19.bed -O /data/output -N Matched_list
             ncm.py -B -l /data/bam_list.txt -bed /data/SNP_hg19.bed -O /data/output/ -N Matched_list

    Sejoon Lee, Soo Lee, Eunjung Lee, 2015
    

optional arguments:
  -h, --help            show this help message and exit
  -B, --BAM             BAM files to do NGS Checkmate
  -V, --VCF             VCF files to do NGS Checkmate
  -f, --family_cutoff   apply strict correlation threshold to remove family cases
  -l data_list, --list data_list
                        data list
  -d data_dir, --dir data_dir
                        data directory
  -bed BED file, --bedfile BED file
                        A bed file containing SNP polymorphisms
  -t test_samplename, --testsamplename test_samplename
                        file including test sample namses  with ":" delimeter (default : all combinations of samples), -t filename
  -O output_dir, --outdir output_dir
                        directory name for temp and output files
  -N output_filename, --outfilename output_filename
                        OutputFileName ( default : output ), -N filename
  -nz, --nonzero        Use non-zero mean depth of target loci as reference correlation. (default: Use mean depth of all target loci)
